<?xml version="1.0" encoding="UTF-8"?>
<!-- Generated by org.testng.reporters.JUnitReportReporter -->
<testsuite hostname="DESKTOP-E3GEJ0V" failures="0" tests="6" name="actitime.com.test.classes.Actitime_TestClass" time="56.309" errors="0" timestamp="2021-06-20T15:08:27 IST" skipped="0">
  <testcase classname="actitime.com.test.classes.Actitime_TestClass" name="test3" time="9.346"/>
  <system-out/>
  <testcase classname="actitime.com.test.classes.Actitime_TestClass" name="test1" time="9.643"/>
  <system-out/>
  <testcase classname="actitime.com.test.classes.Actitime_TestClass" name="test2" time="9.328"/>
  <system-out/>
  <testcase classname="actitime.com.test.classes.Actitime_TestClass" name="test3" time="9.276"/>
  <system-out/>
  <testcase classname="actitime.com.test.classes.Actitime_TestClass" name="test1" time="9.373"/>
  <system-out/>
  <testcase classname="actitime.com.test.classes.Actitime_TestClass" name="test2" time="9.343"/>
  <system-out/>
</testsuite> <!-- actitime.com.test.classes.Actitime_TestClass -->
